In file included from ../ext/bson.cc:35:
../ext/bson.h:56: error: ISO C++ forbids declaration of ‘Arguments’ with no type
../ext/bson.h:56: error: expected ‘,’ or ‘...’ before ‘&’ token
../ext/bson.h:59: error: ISO C++ forbids declaration of ‘Arguments’ with no type
../ext/bson.h:59: error: expected ‘,’ or ‘...’ before ‘&’ token
../ext/bson.h:60: error: ISO C++ forbids declaration of ‘Arguments’ with no type
../ext/bson.h:60: error: expected ‘,’ or ‘...’ before ‘&’ token
../ext/bson.h:63: error: ISO C++ forbids declaration of ‘Arguments’ with no type
../ext/bson.h:63: error: expected ‘,’ or ‘...’ before ‘&’ token
../ext/bson.h:64: error: ISO C++ forbids declaration of ‘Arguments’ with no type
../ext/bson.h:64: error: expected ‘,’ or ‘...’ before ‘&’ token
../ext/bson.h:70: error: ISO C++ forbids declaration of ‘Arguments’ with no type
../ext/bson.h:70: error: expected ‘,’ or ‘...’ before ‘&’ token
../ext/bson.cc: In member function ‘void BSONSerializer<T>::SerializeValue(void*, const v8::Handle<v8::Value>&)’:
../ext/bson.cc:203: error: no matching function for call to ‘v8::Object::Has(v8::Persistent<v8::String, v8::NonCopyablePersistentTraits<v8::String> >&)’
/root/.node-gyp/0.11.13/deps/v8/include/v8.h:2207: note: candidates are: bool v8::Object::Has(v8::Handle<v8::Value>)
/root/.node-gyp/0.11.13/deps/v8/include/v8.h:2215: note:                 bool v8::Object::Has(uint32_t)
../ext/bson.cc:206: error: base operand of ‘->’ has non-pointer type ‘v8::Persistent<v8::String, v8::NonCopyablePersistentTraits<v8::String> >’
../ext/bson.cc:212: error: base operand of ‘->’ has non-pointer type ‘v8::Persistent<v8::String, v8::NonCopyablePersistentTraits<v8::String> >’
../ext/bson.cc:218: error: base operand of ‘->’ has non-pointer type ‘v8::Persistent<v8::String, v8::NonCopyablePersistentTraits<v8::String> >’
../ext/bson.cc:223: error: base operand of ‘->’ has non-pointer type ‘v8::Persistent<v8::String, v8::NonCopyablePersistentTraits<v8::String> >’
../ext/bson.cc:227: error: no matching function for call to ‘v8::Object::Get(v8::Persistent<v8::String, v8::NonCopyablePersistentTraits<v8::String> >&)’
/root/.node-gyp/0.11.13/deps/v8/include/v8.h:2196: note: candidates are: v8::Local<v8::Value> v8::Object::Get(v8::Handle<v8::Value>)
/root/.node-gyp/0.11.13/deps/v8/include/v8.h:2198: note:                 v8::Local<v8::Value> v8::Object::Get(uint32_t)
../ext/bson.cc:228: error: no matching function for call to ‘v8::Object::Get(v8::Persistent<v8::String, v8::NonCopyablePersistentTraits<v8::String> >&)’
/root/.node-gyp/0.11.13/deps/v8/include/v8.h:2196: note: candidates are: v8::Local<v8::Value> v8::Object::Get(v8::Handle<v8::Value>)
/root/.node-gyp/0.11.13/deps/v8/include/v8.h:2198: note:                 v8::Local<v8::Value> v8::Object::Get(uint32_t)
../ext/bson.cc:233: error: no matching function for call to ‘v8::Object::Get(v8::Persistent<v8::String, v8::NonCopyablePersistentTraits<v8::String> >&)’
/root/.node-gyp/0.11.13/deps/v8/include/v8.h:2196: note: candidates are: v8::Local<v8::Value> v8::Object::Get(v8::Handle<v8::Value>)
/root/.node-gyp/0.11.13/deps/v8/include/v8.h:2198: note:                 v8::Local<v8::Value> v8::Object::Get(uint32_t)
../ext/bson.cc:239: error: base operand of ‘->’ has non-pointer type ‘v8::Persistent<v8::String, v8::NonCopyablePersistentTraits<v8::String> >’
../ext/bson.cc:244: error: base operand of ‘->’ has non-pointer type ‘v8::Persistent<v8::String, v8::NonCopyablePersistentTraits<v8::String> >’
../ext/bson.cc:247: error: no matching function for call to ‘v8::Object::Get(v8::Persistent<v8::String, v8::NonCopyablePersistentTraits<v8::String> >&)’
/root/.node-gyp/0.11.13/deps/v8/include/v8.h:2196: note: candidates are: v8::Local<v8::Value> v8::Object::Get(v8::Handle<v8::Value>)
/root/.node-gyp/0.11.13/deps/v8/include/v8.h:2198: note:                 v8::Local<v8::Value> v8::Object::Get(uint32_t)
../ext/bson.cc:249: error: base operand of ‘->’ has non-pointer type ‘v8::Persistent<v8::String, v8::NonCopyablePersistentTraits<v8::String> >’
../ext/bson.cc:251: error: no matching function for call to ‘v8::Object::Get(v8::Persistent<v8::String, v8::NonCopyablePersistentTraits<v8::String> >&)’
/root/.node-gyp/0.11.13/deps/v8/include/v8.h:2196: note: candidates are: v8::Local<v8::Value> v8::Object::Get(v8::Handle<v8::Value>)
/root/.node-gyp/0.11.13/deps/v8/include/v8.h:2198: note:                 v8::Local<v8::Value> v8::Object::Get(uint32_t)
../ext/bson.cc:252: error: no matching function for call to ‘v8::Object::Get(v8::Persistent<v8::String, v8::NonCopyablePersistentTraits<v8::String> >&)’
/root/.node-gyp/0.11.13/deps/v8/include/v8.h:2196: note: candidates are: v8::Local<v8::Value> v8::Object::Get(v8::Handle<v8::Value>)
/root/.node-gyp/0.11.13/deps/v8/include/v8.h:2198: note:                 v8::Local<v8::Value> v8::Object::Get(uint32_t)
../ext/bson.cc:275: error: base operand of ‘->’ has non-pointer type ‘v8::Persistent<v8::String, v8::NonCopyablePersistentTraits<v8::String> >’
../ext/bson.cc:283: error: no matching function for call to ‘v8::Object::Get(v8::Persistent<v8::String, v8::NonCopyablePersistentTraits<v8::String> >&)’
/root/.node-gyp/0.11.13/deps/v8/include/v8.h:2196: note: candidates are: v8::Local<v8::Value> v8::Object::Get(v8::Handle<v8::Value>)
/root/.node-gyp/0.11.13/deps/v8/include/v8.h:2198: note:                 v8::Local<v8::Value> v8::Object::Get(uint32_t)
../ext/bson.cc:287: error: no matching function for call to ‘v8::Object::Get(v8::Persistent<v8::String, v8::NonCopyablePersistentTraits<v8::String> >&)’
/root/.node-gyp/0.11.13/deps/v8/include/v8.h:2196: note: candidates are: v8::Local<v8::Value> v8::Object::Get(v8::Handle<v8::Value>)
/root/.node-gyp/0.11.13/deps/v8/include/v8.h:2198: note:                 v8::Local<v8::Value> v8::Object::Get(uint32_t)
../ext/bson.cc:289: error: no matching function for call to ‘v8::Object::Get(v8::Persistent<v8::String, v8::NonCopyablePersistentTraits<v8::String> >&)’
/root/.node-gyp/0.11.13/deps/v8/include/v8.h:2196: note: candidates are: v8::Local<v8::Value> v8::Object::Get(v8::Handle<v8::Value>)
/root/.node-gyp/0.11.13/deps/v8/include/v8.h:2198: note:                 v8::Local<v8::Value> v8::Object::Get(uint32_t)
../ext/bson.cc:300: error: base operand of ‘->’ has non-pointer type ‘v8::Persistent<v8::String, v8::NonCopyablePersistentTraits<v8::String> >’
../ext/bson.cc:304: error: base operand of ‘->’ has non-pointer type ‘v8::Persistent<v8::String, v8::NonCopyablePersistentTraits<v8::String> >’
../ext/bson.cc: In member function ‘v8::Local<v8::String> BSONDeserializer::ReadCString()’:
../ext/bson.cc:361: error: ‘New’ is not a member of ‘v8::String’
../ext/bson.cc: In member function ‘v8::Local<v8::String> BSONDeserializer::ReadString()’:
../ext/bson.cc:396: error: ‘New’ is not a member of ‘v8::String’
../ext/bson.cc: In member function ‘v8::Local<v8::String> BSONDeserializer::ReadObjectId()’:
../ext/bson.cc:406: error: ‘New’ is not a member of ‘v8::String’
../ext/bson.cc: In member function ‘v8::Handle<v8::Value> BSONDeserializer::DeserializeDocumentInternal(bool)’:
../ext/bson.cc:420: error: no matching function for call to ‘v8::Object::New()’
/root/.node-gyp/0.11.13/deps/v8/include/v8.h:2457: note: candidates are: static v8::Local<v8::Object> v8::Object::New(v8::Isolate*)
../ext/bson.cc:433: error: no matching function for call to ‘v8::Object::Has(v8::Persistent<v8::String, v8::NonCopyablePersistentTraits<v8::String> >&)’
/root/.node-gyp/0.11.13/deps/v8/include/v8.h:2207: note: candidates are: bool v8::Object::Has(v8::Handle<v8::Value>)
/root/.node-gyp/0.11.13/deps/v8/include/v8.h:2215: note:                 bool v8::Object::Has(uint32_t)
../ext/bson.cc:435: error: no matching function for call to ‘v8::Object::Get(v8::Persistent<v8::String, v8::NonCopyablePersistentTraits<v8::String> >&)’
/root/.node-gyp/0.11.13/deps/v8/include/v8.h:2196: note: candidates are: v8::Local<v8::Value> v8::Object::Get(v8::Handle<v8::Value>)
/root/.node-gyp/0.11.13/deps/v8/include/v8.h:2198: note:                 v8::Local<v8::Value> v8::Object::Get(uint32_t)
../ext/bson.cc:435: error: no matching function for call to ‘v8::Object::Get(v8::Persistent<v8::String, v8::NonCopyablePersistentTraits<v8::String> >&)’
/root/.node-gyp/0.11.13/deps/v8/include/v8.h:2196: note: candidates are: v8::Local<v8::Value> v8::Object::Get(v8::Handle<v8::Value>)
/root/.node-gyp/0.11.13/deps/v8/include/v8.h:2198: note:                 v8::Local<v8::Value> v8::Object::Get(uint32_t)
../ext/bson.cc:435: error: no matching function for call to ‘v8::Object::Get(v8::Persistent<v8::String, v8::NonCopyablePersistentTraits<v8::String> >&)’
/root/.node-gyp/0.11.13/deps/v8/include/v8.h:2196: note: candidates are: v8::Local<v8::Value> v8::Object::Get(v8::Handle<v8::Value>)
/root/.node-gyp/0.11.13/deps/v8/include/v8.h:2198: note:                 v8::Local<v8::Value> v8::Object::Get(uint32_t)
../ext/bson.cc:436: error: base operand of ‘->’ has non-pointer type ‘v8::Persistent<v8::Function, v8::NonCopyablePersistentTraits<v8::Function> >’
../ext/bson.cc: In member function ‘v8::Handle<v8::Value> BSONDeserializer::DeserializeArrayInternal(bool)’:
../ext/bson.cc:455: error: no matching function for call to ‘v8::Array::New()’
/root/.node-gyp/0.11.13/deps/v8/include/v8.h:2486: note: candidates are: static v8::Local<v8::Array> v8::Array::New(v8::Isolate*, int)
../ext/bson.cc: In member function ‘v8::Handle<v8::Value> BSONDeserializer::DeserializeValue(BsonType, bool)’:
../ext/bson.cc:477: error: no matching function for call to ‘v8::Integer::New(int32_t)’
/root/.node-gyp/0.11.13/deps/v8/include/v8.h:2074: note: candidates are: static v8::Local<v8::Integer> v8::Integer::New(v8::Isolate*, int32_t)
../ext/bson.cc:480: error: no matching function for call to ‘v8::Number::New(double)’
/root/.node-gyp/0.11.13/deps/v8/include/v8.h:2061: note: candidates are: static v8::Local<v8::Number> v8::Number::New(v8::Isolate*, double)
/root/.node-gyp/0.11.13/deps/v8/include/v8.h:6550: error: too few arguments to function ‘v8::Handle<v8::Primitive> v8::Null(v8::Isolate*)’
../ext/bson.cc:483: error: at this point in file
/root/.node-gyp/0.11.13/deps/v8/include/v8.h:6541: error: too few arguments to function ‘v8::Handle<v8::Primitive> v8::Undefined(v8::Isolate*)’
../ext/bson.cc:486: error: at this point in file
../ext/bson.cc:492: error: no matching function for call to ‘v8::Integer::New(int32_t&)’
/root/.node-gyp/0.11.13/deps/v8/include/v8.h:2074: note: candidates are: static v8::Local<v8::Integer> v8::Integer::New(v8::Isolate*, int32_t)
../ext/bson.cc:492: error: no matching function for call to ‘v8::Integer::New(int32_t&)’
/root/.node-gyp/0.11.13/deps/v8/include/v8.h:2074: note: candidates are: static v8::Local<v8::Integer> v8::Integer::New(v8::Isolate*, int32_t)
../ext/bson.cc:493: error: base operand of ‘->’ has non-pointer type ‘v8::Persistent<v8::Function, v8::NonCopyablePersistentTraits<v8::Function> >’
/root/.node-gyp/0.11.13/deps/v8/include/v8.h:6559: error: too few arguments to function ‘v8::Handle<v8::Boolean> v8::True(v8::Isolate*)’
../ext/bson.cc:497: error: at this point in file
/root/.node-gyp/0.11.13/deps/v8/include/v8.h:6568: error: too few arguments to function ‘v8::Handle<v8::Boolean> v8::False(v8::Isolate*)’
../ext/bson.cc:497: error: at this point in file
../ext/bson.cc:509: error: no matching function for call to ‘v8::Object::New()’
/root/.node-gyp/0.11.13/deps/v8/include/v8.h:2457: note: candidates are: static v8::Local<v8::Object> v8::Object::New(v8::Isolate*)
../ext/bson.cc:511: error: base operand of ‘->’ has non-pointer type ‘v8::Persistent<v8::Function, v8::NonCopyablePersistentTraits<v8::Function> >’
../ext/bson.cc:520: error: base operand of ‘->’ has non-pointer type ‘v8::Persistent<v8::Function, v8::NonCopyablePersistentTraits<v8::Function> >’
../ext/bson.cc:526: error: base operand of ‘->’ has non-pointer type ‘v8::Persistent<v8::Function, v8::NonCopyablePersistentTraits<v8::Function> >’
../ext/bson.cc:537: error: expected primary-expression before ‘*’ token
../ext/bson.cc:537: error: ‘buffer’ was not declared in this scope
../ext/bson.cc:540: error: no matching function for call to ‘v8::Integer::New(uint32_t&)’
/root/.node-gyp/0.11.13/deps/v8/include/v8.h:2074: note: candidates are: static v8::Local<v8::Integer> v8::Integer::New(v8::Isolate*, int32_t)
../ext/bson.cc:541: error: base operand of ‘->’ has non-pointer type ‘v8::Persistent<v8::Function, v8::NonCopyablePersistentTraits<v8::Function> >’
../ext/bson.cc:558: error: no matching function for call to ‘v8::Number::New(int64_t&)’
/root/.node-gyp/0.11.13/deps/v8/include/v8.h:2061: note: candidates are: static v8::Local<v8::Number> v8::Number::New(v8::Isolate*, double)
../ext/bson.cc:563: error: no matching function for call to ‘v8::Integer::New(int32_t&)’
/root/.node-gyp/0.11.13/deps/v8/include/v8.h:2074: note: candidates are: static v8::Local<v8::Integer> v8::Integer::New(v8::Isolate*, int32_t)
../ext/bson.cc:563: error: no matching function for call to ‘v8::Integer::New(int32_t&)’
/root/.node-gyp/0.11.13/deps/v8/include/v8.h:2074: note: candidates are: static v8::Local<v8::Integer> v8::Integer::New(v8::Isolate*, int32_t)
../ext/bson.cc:564: error: base operand of ‘->’ has non-pointer type ‘v8::Persistent<v8::Function, v8::NonCopyablePersistentTraits<v8::Function> >’
../ext/bson.cc:568: error: no matching function for call to ‘v8::Date::New(double)’
/root/.node-gyp/0.11.13/deps/v8/include/v8.h:3071: note: candidates are: static v8::Local<v8::Value> v8::Date::New(v8::Isolate*, double)
../ext/bson.cc:580: error: base operand of ‘->’ has non-pointer type ‘v8::Persistent<v8::Function, v8::NonCopyablePersistentTraits<v8::Function> >’
../ext/bson.cc:584: error: base operand of ‘->’ has non-pointer type ‘v8::Persistent<v8::Function, v8::NonCopyablePersistentTraits<v8::Function> >’
../ext/bson.cc:587: error: base operand of ‘->’ has non-pointer type ‘v8::Persistent<v8::Function, v8::NonCopyablePersistentTraits<v8::Function> >’
/root/.node-gyp/0.11.13/deps/v8/include/v8.h:6550: error: too few arguments to function ‘v8::Handle<v8::Primitive> v8::Null(v8::Isolate*)’
../ext/bson.cc:593: error: at this point in file
/root/.node-gyp/0.11.13/deps/v8/include/v8.h: In function ‘v8::Handle<v8::Value> VException(const char*)’:
/root/.node-gyp/0.11.13/deps/v8/include/v8.h:845: error: ‘v8::HandleScope::HandleScope()’ is protected
../ext/bson.cc:599: error: within this context
../ext/bson.cc:600: error: ‘New’ is not a member of ‘v8::String’
../ext/bson.cc:600: error: ‘ThrowException’ was not declared in this scope
../ext/bson.cc: In constructor ‘BSON::BSON()’:
../ext/bson.cc:608: error: ‘New’ is not a member of ‘v8::String’
../ext/bson.cc:609: error: ‘New’ is not a member of ‘v8::String’
../ext/bson.cc:610: error: ‘New’ is not a member of ‘v8::String’
../ext/bson.cc:611: error: ‘New’ is not a member of ‘v8::String’
../ext/bson.cc:612: error: ‘New’ is not a member of ‘v8::String’
../ext/bson.cc:613: error: ‘New’ is not a member of ‘v8::String’
../ext/bson.cc:614: error: ‘New’ is not a member of ‘v8::String’
../ext/bson.cc:615: error: ‘New’ is not a member of ‘v8::String’
../ext/bson.cc:616: error: ‘New’ is not a member of ‘v8::String’
../ext/bson.cc:617: error: ‘New’ is not a member of ‘v8::String’
../ext/bson.cc:618: error: ‘New’ is not a member of ‘v8::String’
../ext/bson.cc:619: error: ‘New’ is not a member of ‘v8::String’
../ext/bson.cc:620: error: ‘New’ is not a member of ‘v8::String’
../ext/bson.cc:621: error: ‘New’ is not a member of ‘v8::String’
../ext/bson.cc:622: error: ‘New’ is not a member of ‘v8::String’
../ext/bson.cc:623: error: ‘New’ is not a member of ‘v8::String’
../ext/bson.cc:624: error: ‘New’ is not a member of ‘v8::String’
../ext/bson.cc:625: error: ‘New’ is not a member of ‘v8::String’
../ext/bson.cc:627: error: ‘New’ is not a member of ‘v8::String’
../ext/bson.cc:628: error: ‘New’ is not a member of ‘v8::String’
../ext/bson.cc:629: error: ‘New’ is not a member of ‘v8::String’
../ext/bson.cc:630: error: ‘New’ is not a member of ‘v8::String’
../ext/bson.cc:631: error: ‘New’ is not a member of ‘v8::String’
../ext/bson.cc:632: error: ‘New’ is not a member of ‘v8::String’
../ext/bson.cc:633: error: ‘New’ is not a member of ‘v8::String’
../ext/bson.cc:634: error: ‘New’ is not a member of ‘v8::String’
../ext/bson.cc:635: error: ‘New’ is not a member of ‘v8::String’
../ext/bson.cc:636: error: ‘New’ is not a member of ‘v8::String’
/root/.node-gyp/0.11.13/deps/v8/include/v8.h: In static member function ‘static void BSON::Initialize(v8::Handle<v8::Object>)’:
/root/.node-gyp/0.11.13/deps/v8/include/v8.h:845: error: ‘v8::HandleScope::HandleScope()’ is protected
../ext/bson.cc:642: error: within this context
../ext/bson.cc:644: error: no matching function for call to ‘v8::FunctionTemplate::New(v8::Handle<v8::Value> (&)(int))’
/root/.node-gyp/0.11.13/deps/v8/include/v8.h:3519: note: candidates are: static v8::Local<v8::FunctionTemplate> v8::FunctionTemplate::New(v8::Isolate*, void (*)(const v8::FunctionCallbackInfo<v8::Value>&), v8::Handle<v8::Value>, v8::Handle<v8::Signature>, int)
../ext/bson.cc:645: error: no matching function for call to ‘v8::PersistentBase<v8::FunctionTemplate>::New(v8::Local<v8::FunctionTemplate>&)’
/root/.node-gyp/0.11.13/deps/v8/include/v8.h:5757: note: candidates are: static T* v8::PersistentBase<T>::New(v8::Isolate*, T*) [with T = v8::FunctionTemplate]
../ext/bson.cc:646: error: base operand of ‘->’ has non-pointer type ‘v8::Persistent<v8::FunctionTemplate, v8::NonCopyablePersistentTraits<v8::FunctionTemplate> >’
../ext/bson.cc:647: error: base operand of ‘->’ has non-pointer type ‘v8::Persistent<v8::FunctionTemplate, v8::NonCopyablePersistentTraits<v8::FunctionTemplate> >’
../ext/bson.cc:647: error: ‘NewSymbol’ is not a member of ‘v8::String’
../ext/bson.cc:650: error: conversion from ‘v8::Persistent<v8::FunctionTemplate, v8::NonCopyablePersistentTraits<v8::FunctionTemplate> >’ to non-scalar type ‘v8::Handle<v8::FunctionTemplate>’ requested
../ext/bson.cc:651: error: conversion from ‘v8::Persistent<v8::FunctionTemplate, v8::NonCopyablePersistentTraits<v8::FunctionTemplate> >’ to non-scalar type ‘v8::Handle<v8::FunctionTemplate>’ requested
../ext/bson.cc:652: error: conversion from ‘v8::Persistent<v8::FunctionTemplate, v8::NonCopyablePersistentTraits<v8::FunctionTemplate> >’ to non-scalar type ‘v8::Handle<v8::FunctionTemplate>’ requested
../ext/bson.cc:653: error: conversion from ‘v8::Persistent<v8::FunctionTemplate, v8::NonCopyablePersistentTraits<v8::FunctionTemplate> >’ to non-scalar type ‘v8::Handle<v8::FunctionTemplate>’ requested
../ext/bson.cc:654: error: conversion from ‘v8::Persistent<v8::FunctionTemplate, v8::NonCopyablePersistentTraits<v8::FunctionTemplate> >’ to non-scalar type ‘v8::Handle<v8::FunctionTemplate>’ requested
../ext/bson.cc:656: error: ‘NewSymbol’ is not a member of ‘v8::String’
../ext/bson.cc:656: error: base operand of ‘->’ has non-pointer type ‘v8::Persistent<v8::FunctionTemplate, v8::NonCopyablePersistentTraits<v8::FunctionTemplate> >’
../ext/bson.cc: At global scope:
../ext/bson.cc:660: error: ISO C++ forbids declaration of ‘Arguments’ with no type
../ext/bson.cc:660: error: expected ‘,’ or ‘...’ before ‘&’ token
/root/.node-gyp/0.11.13/deps/v8/include/v8.h: In static member function ‘static v8::Handle<v8::Value> BSON::New(int)’:
/root/.node-gyp/0.11.13/deps/v8/include/v8.h:845: error: ‘v8::HandleScope::HandleScope()’ is protected
../ext/bson.cc:662: error: within this context
../ext/bson.cc:665: error: ‘args’ was not declared in this scope
../ext/bson.cc:684: error: no matching function for call to ‘v8::String::StrictEquals(v8::Persistent<v8::String, v8::NonCopyablePersistentTraits<v8::String> >&)’
/root/.node-gyp/0.11.13/deps/v8/include/v8.h:1626: note: candidates are: bool v8::Value::StrictEquals(v8::Handle<v8::Value>) const
../ext/bson.cc:685: error: no matching function for call to ‘v8::PersistentBase<v8::Function>::New(v8::Local<v8::Function>&)’
/root/.node-gyp/0.11.13/deps/v8/include/v8.h:5757: note: candidates are: static T* v8::PersistentBase<T>::New(v8::Isolate*, T*) [with T = v8::Function]
../ext/bson.cc:687: error: no matching function for call to ‘v8::String::StrictEquals(v8::Persistent<v8::String, v8::NonCopyablePersistentTraits<v8::String> >&)’
/root/.node-gyp/0.11.13/deps/v8/include/v8.h:1626: note: candidates are: bool v8::Value::StrictEquals(v8::Handle<v8::Value>) const
../ext/bson.cc:688: error: no matching function for call to ‘v8::PersistentBase<v8::Function>::New(v8::Local<v8::Function>&)’
/root/.node-gyp/0.11.13/deps/v8/include/v8.h:5757: note: candidates are: static T* v8::PersistentBase<T>::New(v8::Isolate*, T*) [with T = v8::Function]
../ext/bson.cc:690: error: no matching function for call to ‘v8::String::StrictEquals(v8::Persistent<v8::String, v8::NonCopyablePersistentTraits<v8::String> >&)’
/root/.node-gyp/0.11.13/deps/v8/include/v8.h:1626: note: candidates are: bool v8::Value::StrictEquals(v8::Handle<v8::Value>) const
../ext/bson.cc:691: error: no matching function for call to ‘v8::PersistentBase<v8::Function>::New(v8::Local<v8::Function>&)’
/root/.node-gyp/0.11.13/deps/v8/include/v8.h:5757: note: candidates are: static T* v8::PersistentBase<T>::New(v8::Isolate*, T*) [with T = v8::Function]
../ext/bson.cc:693: error: no matching function for call to ‘v8::String::StrictEquals(v8::Persistent<v8::String, v8::NonCopyablePersistentTraits<v8::String> >&)’
/root/.node-gyp/0.11.13/deps/v8/include/v8.h:1626: note: candidates are: bool v8::Value::StrictEquals(v8::Handle<v8::Value>) const
../ext/bson.cc:694: error: no matching function for call to ‘v8::PersistentBase<v8::Function>::New(v8::Local<v8::Function>&)’
/root/.node-gyp/0.11.13/deps/v8/include/v8.h:5757: note: candidates are: static T* v8::PersistentBase<T>::New(v8::Isolate*, T*) [with T = v8::Function]
../ext/bson.cc:696: error: no matching function for call to ‘v8::String::StrictEquals(v8::Persistent<v8::String, v8::NonCopyablePersistentTraits<v8::String> >&)’
/root/.node-gyp/0.11.13/deps/v8/include/v8.h:1626: note: candidates are: bool v8::Value::StrictEquals(v8::Handle<v8::Value>) const
../ext/bson.cc:697: error: no matching function for call to ‘v8::PersistentBase<v8::Function>::New(v8::Local<v8::Function>&)’
/root/.node-gyp/0.11.13/deps/v8/include/v8.h:5757: note: candidates are: static T* v8::PersistentBase<T>::New(v8::Isolate*, T*) [with T = v8::Function]
../ext/bson.cc:699: error: no matching function for call to ‘v8::String::StrictEquals(v8::Persistent<v8::String, v8::NonCopyablePersistentTraits<v8::String> >&)’
/root/.node-gyp/0.11.13/deps/v8/include/v8.h:1626: note: candidates are: bool v8::Value::StrictEquals(v8::Handle<v8::Value>) const
../ext/bson.cc:700: error: no matching function for call to ‘v8::PersistentBase<v8::Function>::New(v8::Local<v8::Function>&)’
/root/.node-gyp/0.11.13/deps/v8/include/v8.h:5757: note: candidates are: static T* v8::PersistentBase<T>::New(v8::Isolate*, T*) [with T = v8::Function]
../ext/bson.cc:702: error: no matching function for call to ‘v8::String::StrictEquals(v8::Persistent<v8::String, v8::NonCopyablePersistentTraits<v8::String> >&)’
/root/.node-gyp/0.11.13/deps/v8/include/v8.h:1626: note: candidates are: bool v8::Value::StrictEquals(v8::Handle<v8::Value>) const
../ext/bson.cc:703: error: no matching function for call to ‘v8::PersistentBase<v8::Function>::New(v8::Local<v8::Function>&)’
/root/.node-gyp/0.11.13/deps/v8/include/v8.h:5757: note: candidates are: static T* v8::PersistentBase<T>::New(v8::Isolate*, T*) [with T = v8::Function]
../ext/bson.cc:705: error: no matching function for call to ‘v8::String::StrictEquals(v8::Persistent<v8::String, v8::NonCopyablePersistentTraits<v8::String> >&)’
/root/.node-gyp/0.11.13/deps/v8/include/v8.h:1626: note: candidates are: bool v8::Value::StrictEquals(v8::Handle<v8::Value>) const
../ext/bson.cc:706: error: no matching function for call to ‘v8::PersistentBase<v8::Function>::New(v8::Local<v8::Function>&)’
/root/.node-gyp/0.11.13/deps/v8/include/v8.h:5757: note: candidates are: static T* v8::PersistentBase<T>::New(v8::Isolate*, T*) [with T = v8::Function]
../ext/bson.cc:708: error: no matching function for call to ‘v8::String::StrictEquals(v8::Persistent<v8::String, v8::NonCopyablePersistentTraits<v8::String> >&)’
/root/.node-gyp/0.11.13/deps/v8/include/v8.h:1626: note: candidates are: bool v8::Value::StrictEquals(v8::Handle<v8::Value>) const
../ext/bson.cc:709: error: no matching function for call to ‘v8::PersistentBase<v8::Function>::New(v8::Local<v8::Function>&)’
/root/.node-gyp/0.11.13/deps/v8/include/v8.h:5757: note: candidates are: static T* v8::PersistentBase<T>::New(v8::Isolate*, T*) [with T = v8::Function]
../ext/bson.cc:711: error: no matching function for call to ‘v8::String::StrictEquals(v8::Persistent<v8::String, v8::NonCopyablePersistentTraits<v8::String> >&)’
/root/.node-gyp/0.11.13/deps/v8/include/v8.h:1626: note: candidates are: bool v8::Value::StrictEquals(v8::Handle<v8::Value>) const
../ext/bson.cc:712: error: no matching function for call to ‘v8::PersistentBase<v8::Function>::New(v8::Local<v8::Function>&)’
/root/.node-gyp/0.11.13/deps/v8/include/v8.h:5757: note: candidates are: static T* v8::PersistentBase<T>::New(v8::Isolate*, T*) [with T = v8::Function]
../ext/bson.cc: At global scope:
../ext/bson.cc:742: error: ISO C++ forbids declaration of ‘Arguments’ with no type
../ext/bson.cc:742: error: expected ‘,’ or ‘...’ before ‘&’ token
/root/.node-gyp/0.11.13/deps/v8/include/v8.h: In static member function ‘static v8::Handle<v8::Value> BSON::BSONDeserialize(int)’:
/root/.node-gyp/0.11.13/deps/v8/include/v8.h:845: error: ‘v8::HandleScope::HandleScope()’ is protected
../ext/bson.cc:744: error: within this context
../ext/bson.cc:747: error: ‘args’ was not declared in this scope
../ext/bson.cc:754: error: ‘args’ was not declared in this scope
../ext/bson.cc:757: error: ‘New’ is not a member of ‘v8::String’
../ext/bson.cc:758: error: ‘New’ is not a member of ‘v8::String’
../ext/bson.cc:763: error: ‘args’ was not declared in this scope
../ext/bson.cc: In member function ‘v8::Local<v8::Object> BSON::GetSerializeObject(const v8::Handle<v8::Value>&)’:
../ext/bson.cc:831: error: no matching function for call to ‘v8::Object::Has(v8::Persistent<v8::String, v8::NonCopyablePersistentTraits<v8::String> >&)’
/root/.node-gyp/0.11.13/deps/v8/include/v8.h:2207: note: candidates are: bool v8::Object::Has(v8::Handle<v8::Value>)
/root/.node-gyp/0.11.13/deps/v8/include/v8.h:2215: note:                 bool v8::Object::Has(uint32_t)
../ext/bson.cc:833: error: no matching function for call to ‘v8::Object::Get(v8::Persistent<v8::String, v8::NonCopyablePersistentTraits<v8::String> >&)’
/root/.node-gyp/0.11.13/deps/v8/include/v8.h:2196: note: candidates are: v8::Local<v8::Value> v8::Object::Get(v8::Handle<v8::Value>)
/root/.node-gyp/0.11.13/deps/v8/include/v8.h:2198: note:                 v8::Local<v8::Value> v8::Object::Get(uint32_t)
../ext/bson.cc: At global scope:
../ext/bson.cc:846: error: ISO C++ forbids declaration of ‘Arguments’ with no type
../ext/bson.cc:846: error: expected ‘,’ or ‘...’ before ‘&’ token
/root/.node-gyp/0.11.13/deps/v8/include/v8.h: In static member function ‘static v8::Handle<v8::Value> BSON::BSONSerialize(int)’:
/root/.node-gyp/0.11.13/deps/v8/include/v8.h:845: error: ‘v8::HandleScope::HandleScope()’ is protected
../ext/bson.cc:848: error: within this context
../ext/bson.cc:850: error: ‘args’ was not declared in this scope
../ext/bson.cc:851: error: ‘args’ was not declared in this scope
../ext/bson.cc:852: error: ‘args’ was not declared in this scope
../ext/bson.cc:853: error: ‘args’ was not declared in this scope
../ext/bson.cc:854: error: ‘args’ was not declared in this scope
../ext/bson.cc:857: error: ‘args’ was not declared in this scope
../ext/bson.cc:860: error: ‘args’ was not declared in this scope
../ext/bson.cc:895: error: expected primary-expression before ‘*’ token
../ext/bson.cc:895: error: ‘buffer’ was not declared in this scope
../ext/bson.cc:897: error: ‘class v8::HandleScope’ has no member named ‘Close’
../ext/bson.cc: At global scope:
../ext/bson.cc:907: error: ISO C++ forbids declaration of ‘Arguments’ with no type
../ext/bson.cc:907: error: expected ‘,’ or ‘...’ before ‘&’ token
/root/.node-gyp/0.11.13/deps/v8/include/v8.h: In static member function ‘static v8::Handle<v8::Value> BSON::CalculateObjectSize(int)’:
/root/.node-gyp/0.11.13/deps/v8/include/v8.h:845: error: ‘v8::HandleScope::HandleScope()’ is protected
../ext/bson.cc:909: error: within this context
../ext/bson.cc:911: error: ‘args’ was not declared in this scope
../ext/bson.cc:912: error: ‘args’ was not declared in this scope
../ext/bson.cc:913: error: ‘args’ was not declared in this scope
../ext/bson.cc:916: error: ‘args’ was not declared in this scope
../ext/bson.cc:922: error: ‘class v8::HandleScope’ has no member named ‘Close’
../ext/bson.cc:922: error: no matching function for call to ‘v8::Integer::New(size_t)’
/root/.node-gyp/0.11.13/deps/v8/include/v8.h:2074: note: candidates are: static v8::Local<v8::Integer> v8::Integer::New(v8::Isolate*, int32_t)
../ext/bson.cc: At global scope:
../ext/bson.cc:925: error: ISO C++ forbids declaration of ‘Arguments’ with no type
../ext/bson.cc:925: error: expected ‘,’ or ‘...’ before ‘&’ token
/root/.node-gyp/0.11.13/deps/v8/include/v8.h: In static member function ‘static v8::Handle<v8::Value> BSON::SerializeWithBufferAndIndex(int)’:
/root/.node-gyp/0.11.13/deps/v8/include/v8.h:845: error: ‘v8::HandleScope::HandleScope()’ is protected
../ext/bson.cc:927: error: within this context
../ext/bson.cc:931: error: ‘args’ was not declared in this scope
../ext/bson.cc:932: error: ‘args’ was not declared in this scope
../ext/bson.cc:933: error: ‘args’ was not declared in this scope
../ext/bson.cc:940: error: ‘args’ was not declared in this scope
../ext/bson.cc:963: error: ‘class v8::HandleScope’ has no member named ‘Close’
../ext/bson.cc:963: error: no matching function for call to ‘v8::Integer::New(uint32_t)’
/root/.node-gyp/0.11.13/deps/v8/include/v8.h:2074: note: candidates are: static v8::Local<v8::Integer> v8::Integer::New(v8::Isolate*, int32_t)
../ext/bson.cc: At global scope:
../ext/bson.cc:966: error: ISO C++ forbids declaration of ‘Arguments’ with no type
../ext/bson.cc:966: error: expected ‘,’ or ‘...’ before ‘&’ token
/root/.node-gyp/0.11.13/deps/v8/include/v8.h: In static member function ‘static v8::Handle<v8::Value> BSON::BSONDeserializeStream(int)’:
/root/.node-gyp/0.11.13/deps/v8/include/v8.h:845: error: ‘v8::HandleScope::HandleScope()’ is protected
../ext/bson.cc:968: error: within this context
../ext/bson.cc:971: error: ‘args’ was not declared in this scope
../ext/bson.cc:974: error: ‘args’ was not declared in this scope
../ext/bson.cc:984: error: ‘args’ was not declared in this scope
../ext/bson.cc:987: error: ‘args’ was not declared in this scope
../ext/bson.cc:998: error: ‘New’ is not a member of ‘v8::String’
../ext/bson.cc:999: error: ‘New’ is not a member of ‘v8::String’
../ext/bson.cc:1035: error: ‘class v8::HandleScope’ has no member named ‘Close’
../ext/bson.cc:1035: error: no matching function for call to ‘v8::Integer::New(uint32_t)’
/root/.node-gyp/0.11.13/deps/v8/include/v8.h:2074: note: candidates are: static v8::Local<v8::Integer> v8::Integer::New(v8::Isolate*, int32_t)
/root/.node-gyp/0.11.13/deps/v8/include/v8.h: In function ‘void init(v8::Handle<v8::Object>)’:
/root/.node-gyp/0.11.13/deps/v8/include/v8.h:845: error: ‘v8::HandleScope::HandleScope()’ is protected
../ext/bson.cc:1041: error: within this context
../ext/bson.cc: In member function ‘void BSONSerializer<T>::SerializeValue(void*, const v8::Handle<v8::Value>&) [with T = CountStream]’:
../ext/bson.cc:116:   instantiated from ‘void BSONSerializer<T>::SerializeDocument(const v8::Handle<v8::Value>&) [with T = CountStream]’
../ext/bson.cc:873:   instantiated from here
../ext/bson.cc:209: error: no matching function for call to ‘BSONSerializer<CountStream>::WriteInt32(const v8::Local<v8::Object>&, v8::Persistent<v8::String, v8::NonCopyablePersistentTraits<v8::String> >&)’
../ext/bson.h:135: note: candidates are: void CountStream::WriteInt32(int32_t)
../ext/bson.h:136: note:                 void CountStream::WriteInt32(const v8::Handle<v8::Value>&)
../ext/bson.h:137: note:                 void CountStream::WriteInt32(const v8::Handle<v8::Object>&, const v8::Handle<v8::String>&)
../ext/bson.cc:210: error: no matching function for call to ‘BSONSerializer<CountStream>::WriteInt32(const v8::Local<v8::Object>&, v8::Persistent<v8::String, v8::NonCopyablePersistentTraits<v8::String> >&)’
../ext/bson.h:135: note: candidates are: void CountStream::WriteInt32(int32_t)
../ext/bson.h:136: note:                 void CountStream::WriteInt32(const v8::Handle<v8::Value>&)
../ext/bson.h:137: note:                 void CountStream::WriteInt32(const v8::Handle<v8::Object>&, const v8::Handle<v8::String>&)
../ext/bson.cc:215: error: no matching function for call to ‘BSONSerializer<CountStream>::WriteInt32(const v8::Local<v8::Object>&, v8::Persistent<v8::String, v8::NonCopyablePersistentTraits<v8::String> >&)’
../ext/bson.h:135: note: candidates are: void CountStream::WriteInt32(int32_t)
../ext/bson.h:136: note:                 void CountStream::WriteInt32(const v8::Handle<v8::Value>&)
../ext/bson.h:137: note:                 void CountStream::WriteInt32(const v8::Handle<v8::Object>&, const v8::Handle<v8::String>&)
../ext/bson.cc:216: error: no matching function for call to ‘BSONSerializer<CountStream>::WriteInt32(const v8::Local<v8::Object>&, v8::Persistent<v8::String, v8::NonCopyablePersistentTraits<v8::String> >&)’
../ext/bson.h:135: note: candidates are: void CountStream::WriteInt32(int32_t)
../ext/bson.h:136: note:                 void CountStream::WriteInt32(const v8::Handle<v8::Value>&)
../ext/bson.h:137: note:                 void CountStream::WriteInt32(const v8::Handle<v8::Object>&, const v8::Handle<v8::String>&)
../ext/bson.cc:221: error: no matching function for call to ‘BSONSerializer<CountStream>::WriteObjectId(const v8::Local<v8::Object>&, v8::Persistent<v8::String, v8::NonCopyablePersistentTraits<v8::String> >&)’
../ext/bson.h:145: note: candidates are: void CountStream::WriteObjectId(const v8::Handle<v8::Object>&, const v8::Handle<v8::String>&)
../ext/bson.cc:231: error: no matching function for call to ‘BSONSerializer<CountStream>::WriteByte(const v8::Local<v8::Object>&, v8::Persistent<v8::String, v8::NonCopyablePersistentTraits<v8::String> >&)’
../ext/bson.h:132: note: candidates are: void CountStream::WriteByte(int)
../ext/bson.h:133: note:                 void CountStream::WriteByte(const v8::Handle<v8::Object>&, const v8::Handle<v8::String>&)
../ext/bson.cc:242: error: no matching function for call to ‘BSONSerializer<CountStream>::WriteDouble(const v8::Local<v8::Object>&, v8::Persistent<v8::String, v8::NonCopyablePersistentTraits<v8::String> >&)’
../ext/bson.h:140: note: candidates are: void CountStream::WriteDouble(double)
../ext/bson.h:141: note:                 void CountStream::WriteDouble(const v8::Handle<v8::Value>&)
../ext/bson.h:142: note:                 void CountStream::WriteDouble(const v8::Handle<v8::Object>&, const v8::Handle<v8::String>&)
../ext/bson.cc: In member function ‘void BSONSerializer<T>::SerializeValue(void*, const v8::Handle<v8::Value>&) [with T = DataStream]’:
../ext/bson.cc:116:   instantiated from ‘void BSONSerializer<T>::SerializeDocument(const v8::Handle<v8::Value>&) [with T = DataStream]’
../ext/bson.cc:882:   instantiated from here
../ext/bson.cc:209: error: no matching function for call to ‘BSONSerializer<DataStream>::WriteInt32(const v8::Local<v8::Object>&, v8::Persistent<v8::String, v8::NonCopyablePersistentTraits<v8::String> >&)’
../ext/bson.h:171: note: candidates are: void DataStream::WriteInt32(int32_t)
../ext/bson.h:180: note:                 void DataStream::WriteInt32(const v8::Handle<v8::Value>&)
../ext/bson.h:181: note:                 void DataStream::WriteInt32(const v8::Handle<v8::Object>&, const v8::Handle<v8::String>&)
../ext/bson.cc:210: error: no matching function for call to ‘BSONSerializer<DataStream>::WriteInt32(const v8::Local<v8::Object>&, v8::Persistent<v8::String, v8::NonCopyablePersistentTraits<v8::String> >&)’
../ext/bson.h:171: note: candidates are: void DataStream::WriteInt32(int32_t)
../ext/bson.h:180: note:                 void DataStream::WriteInt32(const v8::Handle<v8::Value>&)
../ext/bson.h:181: note:                 void DataStream::WriteInt32(const v8::Handle<v8::Object>&, const v8::Handle<v8::String>&)
../ext/bson.cc:215: error: no matching function for call to ‘BSONSerializer<DataStream>::WriteInt32(const v8::Local<v8::Object>&, v8::Persistent<v8::String, v8::NonCopyablePersistentTraits<v8::String> >&)’
../ext/bson.h:171: note: candidates are: void DataStream::WriteInt32(int32_t)
../ext/bson.h:180: note:                 void DataStream::WriteInt32(const v8::Handle<v8::Value>&)
../ext/bson.h:181: note:                 void DataStream::WriteInt32(const v8::Handle<v8::Object>&, const v8::Handle<v8::String>&)
../ext/bson.cc:216: error: no matching function for call to ‘BSONSerializer<DataStream>::WriteInt32(const v8::Local<v8::Object>&, v8::Persistent<v8::String, v8::NonCopyablePersistentTraits<v8::String> >&)’
../ext/bson.h:171: note: candidates are: void DataStream::WriteInt32(int32_t)
../ext/bson.h:180: note:                 void DataStream::WriteInt32(const v8::Handle<v8::Value>&)
../ext/bson.h:181: note:                 void DataStream::WriteInt32(const v8::Handle<v8::Object>&, const v8::Handle<v8::String>&)
../ext/bson.cc:221: error: no matching function for call to ‘BSONSerializer<DataStream>::WriteObjectId(const v8::Local<v8::Object>&, v8::Persistent<v8::String, v8::NonCopyablePersistentTraits<v8::String> >&)’
../ext/bson.cc:42: note: candidates are: void DataStream::WriteObjectId(const v8::Handle<v8::Object>&, const v8::Handle<v8::String>&)
../ext/bson.cc:231: error: no matching function for call to ‘BSONSerializer<DataStream>::WriteByte(const v8::Local<v8::Object>&, v8::Persistent<v8::String, v8::NonCopyablePersistentTraits<v8::String> >&)’
../ext/bson.h:168: note: candidates are: void DataStream::WriteByte(int)
../ext/bson.h:169: note:                 void DataStream::WriteByte(const v8::Handle<v8::Object>&, const v8::Handle<v8::String>&)
../ext/bson.cc:242: error: no matching function for call to ‘BSONSerializer<DataStream>::WriteDouble(const v8::Local<v8::Object>&, v8::Persistent<v8::String, v8::NonCopyablePersistentTraits<v8::String> >&)’
../ext/bson.h:173: note: candidates are: void DataStream::WriteDouble(double)
../ext/bson.h:183: note:                 void DataStream::WriteDouble(const v8::Handle<v8::Value>&)
../ext/bson.h:184: note:                 void DataStream::WriteDouble(const v8::Handle<v8::Object>&, const v8::Handle<v8::String>&)
make: *** [Release/obj.target/bson/ext/bson.o] Error 1
gyp ERR! build error 
gyp ERR! stack Error: `make` failed with exit code: 2
gyp ERR! stack     at ChildProcess.onExit (/usr/local/lib/node_modules/npm/node_modules/node-gyp/lib/build.js:267:23)
gyp ERR! stack     at ChildProcess.EventEmitter.emit (events.js:110:17)
gyp ERR! stack     at Process.ChildProcess._handle.onexit (child_process.js:1046:12)
gyp ERR! System Linux 2.6.32-26-pve
gyp ERR! command "node" "/usr/local/lib/node_modules/npm/node_modules/node-gyp/bin/node-gyp.js" "rebuild"
gyp ERR! cwd /root/javascript-nodejs/node_modules/mongoose-troop/node_modules/mongoose/node_modules/mongodb/node_modules/bson
gyp ERR! node -v v0.11.13
gyp ERR! node-gyp -v v1.0.1
gyp ERR! not ok 
